c:\users\delic\desktop\dev\final_lab\final_lab\x64\debug\vc142.pdb
c:\users\delic\desktop\dev\final_lab\final_lab\x64\debug\vc142.idb
c:\users\delic\desktop\dev\final_lab\final_lab\x64\debug\phonebook.obj
c:\users\delic\desktop\dev\final_lab\final_lab\x64\debug\externalfunctions.obj
c:\users\delic\desktop\dev\final_lab\final_lab\x64\debug\final_lab.obj
c:\users\super\desktop\phonebook-main\final_lab\x64\debug\vc143.pdb
c:\users\super\desktop\phonebook-main\final_lab\x64\debug\vc143.idb
c:\users\super\desktop\phonebook-main\final_lab\x64\debug\phonebook.obj
c:\users\super\desktop\phonebook-main\final_lab\x64\debug\final_lab.obj
c:\users\delic\desktop\dev\final_lab\x64\debug\final_lab.exe
c:\users\delic\desktop\dev\final_lab\x64\debug\final_lab.ilk
c:\users\delic\desktop\dev\final_lab\x64\debug\final_lab.pdb
c:\users\super\desktop\phonebook-main\final_lab\x64\debug\final_lab.ilk
c:\users\super\desktop\phonebook-main\x64\debug\final_lab.exe
c:\users\super\desktop\phonebook-main\x64\debug\final_lab.pdb
c:\users\delic\desktop\dev\final_lab\final_lab\x64\debug\source.obj
c:\users\delic\desktop\dev\final_lab\final_lab\x64\debug\final_lab.ilk
c:\users\delic\desktop\dev\final_lab\final_lab\x64\debug\vc143.idb
c:\users\delic\desktop\dev\final_lab\final_lab\x64\debug\vc143.pdb
c:\users\delic\desktop\dev\final_lab\final_lab\x64\debug\final_lab.tlog\cl.command.1.tlog
c:\users\delic\desktop\dev\final_lab\final_lab\x64\debug\final_lab.tlog\cl.read.1.tlog
c:\users\delic\desktop\dev\final_lab\final_lab\x64\debug\final_lab.tlog\cl.write.1.tlog
c:\users\delic\desktop\dev\final_lab\final_lab\x64\debug\final_lab.tlog\link.command.1.tlog
c:\users\delic\desktop\dev\final_lab\final_lab\x64\debug\final_lab.tlog\link.read.1.tlog
c:\users\delic\desktop\dev\final_lab\final_lab\x64\debug\final_lab.tlog\link.write.1.tlog
